<?xml version="1.0" encoding="UTF-8"?>
<!-- Generated by org.testng.reporters.JUnitXMLReporter -->
<testsuite hostname="ketan" ignored="0" name="FreeCRM HomePage TestCases" tests="5" failures="0" timestamp="03 Oct 2018 13:44:40 GMT" time="142.641" errors="0">
  <testcase name="verifyHomePageTitleTest" time="0.011" classname="com.crm.qa.testcases.HomePageTest"/>
  <testcase name="verifyHomePageLogoTest" time="0.079" classname="com.crm.qa.testcases.HomePageTest"/>
  <testcase name="verifyDealsLinkTest" time="1.75" classname="com.crm.qa.testcases.HomePageTest"/>
  <testcase name="verifyContactsLinkTest" time="1.649" classname="com.crm.qa.testcases.HomePageTest"/>
  <testcase name="verifyTasksLinkTest" time="1.701" classname="com.crm.qa.testcases.HomePageTest"/>
</testsuite> <!-- FreeCRM HomePage TestCases -->
