<?xml version="1.0" encoding="UTF-8"?>
<!-- Generated by org.testng.reporters.JUnitXMLReporter -->
<testsuite hostname="ketan" ignored="0" name="Free CRM App Test Cases3" tests="3" failures="0" timestamp="23 Aug 2018 14:26:13 GMT" time="78.49" errors="0">
  <testcase name="verifyContactslabelTest" time="0.056" classname="com.crm.qa.testcases.ContactsPageTest"/>
  <testcase name="selectSingleContactsByNameTest" time="2.099" classname="com.crm.qa.testcases.ContactsPageTest"/>
  <testcase name="selectMultipleContactsByNameTest" time="4.221" classname="com.crm.qa.testcases.ContactsPageTest"/>
</testsuite> <!-- Free CRM App Test Cases3 -->
