<?xml version="1.0" encoding="UTF-8"?>
<!-- Generated by org.testng.reporters.JUnitXMLReporter -->
<testsuite hostname="ketan" ignored="0" name="Free CRM App Test Cases1" tests="3" failures="0" timestamp="23 Aug 2018 14:22:43 GMT" time="62.532" errors="0">
  <testcase name="loginPageTitleTest" time="0.019" classname="com.crm.qa.testcases.LoginPageTest"/>
  <testcase name="crmLogoImageTest" time="0.056" classname="com.crm.qa.testcases.LoginPageTest"/>
  <testcase name="loginTest" time="21.542" classname="com.crm.qa.testcases.LoginPageTest"/>
</testsuite> <!-- Free CRM App Test Cases1 -->
