<?xml version="1.0" encoding="UTF-8"?>
<!-- Generated by org.testng.reporters.JUnitXMLReporter -->
<testsuite hostname="ketan" ignored="0" name="Free CRM App Test Cases2" tests="6" failures="0" timestamp="23 Aug 2018 14:24:54 GMT" time="131.042" errors="0">
  <testcase name="verifyHomePageTitleTest" time="0.015" classname="com.crm.qa.testcases.HomePageTest"/>
  <testcase name="verifyLoggedInUserTest" time="0.084" classname="com.crm.qa.testcases.HomePageTest"/>
  <testcase name="verifyHomePageLogoTest" time="0.093" classname="com.crm.qa.testcases.HomePageTest"/>
  <testcase name="verifyDealsLinkTest" time="1.577" classname="com.crm.qa.testcases.HomePageTest"/>
  <testcase name="verifyContactsLinkTest" time="1.387" classname="com.crm.qa.testcases.HomePageTest"/>
  <testcase name="verifyTasksLinkTest" time="1.826" classname="com.crm.qa.testcases.HomePageTest"/>
</testsuite> <!-- Free CRM App Test Cases2 -->
