<?xml version="1.0" encoding="UTF-8"?>
<!-- Generated by org.testng.reporters.JUnitXMLReporter -->
<testsuite hostname="ketan" ignored="0" name="FreeCRM LoginPage TestCases" tests="3" failures="0" timestamp="26 Sep 2018 14:39:40 GMT" time="67.286" errors="0">
  <testcase name="loginPageTitleTest" time="0.021" classname="com.crm.qa.testcases.LoginPageTest"/>
  <testcase name="loginPageLogoTest" time="0.085" classname="com.crm.qa.testcases.LoginPageTest"/>
  <testcase name="loginTest" time="9.762" classname="com.crm.qa.testcases.LoginPageTest"/>
</testsuite> <!-- FreeCRM LoginPage TestCases -->
