<?xml version="1.0" encoding="UTF-8"?>
<!-- Generated by org.testng.reporters.JUnitXMLReporter -->
<testsuite hostname="ketan" ignored="0" name="Free CRM App Test Cases" tests="3" failures="0" timestamp="11 Sep 2018 07:50:52 GMT" time="97.381" errors="0">
  <testcase name="loginPageTitleTest" time="0.104" classname="com.crm.qa.testcases.LoginPageTest"/>
  <testcase name="loginPageLogoTest" time="0.123" classname="com.crm.qa.testcases.LoginPageTest"/>
  <testcase name="loginTest" time="16.898" classname="com.crm.qa.testcases.LoginPageTest"/>
</testsuite> <!-- Free CRM App Test Cases -->
