<?xml version="1.0" encoding="UTF-8"?>
<!-- Generated by org.testng.reporters.JUnitXMLReporter -->
<testsuite hostname="ketan" ignored="0" name="FreeCRMContactsPageTestCase" tests="3" failures="0" timestamp="10 Oct 2018 13:11:14 GMT" time="146.432" errors="0">
  <testcase name="createNewContactFromExcelDataTest" time="9.764" classname="com.crm.qa.testcases.ContactsPageTest"/>
  <testcase name="createNewContactFromExcelDataTest" time="6.356" classname="com.crm.qa.testcases.ContactsPageTest"/>
  <testcase name="createNewContactFromExcelDataTest" time="5.385" classname="com.crm.qa.testcases.ContactsPageTest"/>
</testsuite> <!-- FreeCRMContactsPageTestCase -->
