<?xml version="1.0" encoding="UTF-8"?>
<!-- Generated by org.testng.reporters.JUnitXMLReporter -->
<testsuite hostname="ketan" ignored="0" name="FreeCRMLoginPageTestCase" tests="3" failures="0" timestamp="10 Oct 2018 11:00:34 GMT" time="48.161" errors="0">
  <testcase name="loginPageTitleTest" time="0.018" classname="com.crm.qa.testcases.LoginPageTest"/>
  <testcase name="loginPageLogoTest" time="0.065" classname="com.crm.qa.testcases.LoginPageTest"/>
  <testcase name="loginTest" time="6.916" classname="com.crm.qa.testcases.LoginPageTest"/>
</testsuite> <!-- FreeCRMLoginPageTestCase -->
