<?xml version="1.0" encoding="UTF-8"?>
<!-- Generated by org.testng.reporters.JUnitXMLReporter -->
<testsuite hostname="ketan" ignored="0" name="Default test" tests="3" failures="0" timestamp="11 Sep 2018 13:34:58 GMT" time="39.876" errors="0">
  <testcase name="loginPageTitleTest" time="0.018" classname="com.crm.qa.testcases.LoginPageTest"/>
  <testcase name="loginPageLogoTest" time="0.057" classname="com.crm.qa.testcases.LoginPageTest"/>
  <testcase name="loginTest" time="6.125" classname="com.crm.qa.testcases.LoginPageTest"/>
</testsuite> <!-- Default test -->
