<?xml version="1.0" encoding="UTF-8"?>
<!-- Generated by org.testng.reporters.JUnitXMLReporter -->
<testsuite hostname="ketan" ignored="3" name="Default test" tests="1" failures="0" timestamp="04 Sep 2018 12:36:53 GMT" time="14.407" errors="0">
  <testcase name="webElementscreenshot" time="0.621" classname="com.crm.qa.testcases.LoginPageTest"/>
  <testcase name="loginPageTitleTest" time="0.0" classname="com.crm.qa.testcases.LoginPageTest">
    <ignored/>
  </testcase> <!-- loginPageTitleTest -->
  <testcase name="loginTest" time="0.0" classname="com.crm.qa.testcases.LoginPageTest">
    <ignored/>
  </testcase> <!-- loginTest -->
  <testcase name="loginPageLogoTest" time="0.0" classname="com.crm.qa.testcases.LoginPageTest">
    <ignored/>
  </testcase> <!-- loginPageLogoTest -->
</testsuite> <!-- Default test -->
