<?xml version="1.0" encoding="UTF-8"?>
<!-- Generated by org.testng.reporters.JUnitXMLReporter -->
<testsuite hostname="ketan" ignored="0" name="Command line test" tests="3" failures="0" timestamp="12 Sep 2018 11:20:52 GMT" time="78.499" errors="0">
  <testcase name="verifyContactslabelTest" time="0.054" classname="com.crm.qa.testcases.ContactsPageTest"/>
  <testcase name="verifyHomePageTitleTest" time="0.008" classname="com.crm.qa.testcases.HomePageTest"/>
  <testcase name="loginPageTitleTest" time="0.04" classname="com.crm.qa.testcases.LoginPageTest"/>
</testsuite> <!-- Command line test -->
