<?xml version="1.0" encoding="UTF-8"?>
<!-- Generated by org.testng.reporters.JUnitXMLReporter -->
<testsuite hostname="ketan" ignored="0" name="Command line test" tests="3" failures="0" timestamp="11 Sep 2018 12:35:26 GMT" time="56.348" errors="0">
  <testcase name="verifyContactslabelTest" time="0.067" classname="com.crm.qa.testcases.ContactsPageTest"/>
  <testcase name="verifyHomePageTitleTest" time="0.008" classname="com.crm.qa.testcases.HomePageTest"/>
  <testcase name="loginPageTitleTest" time="0.008" classname="com.crm.qa.testcases.LoginPageTest"/>
</testsuite> <!-- Command line test -->
