<?xml version="1.0" encoding="UTF-8"?>
<testng-results skipped="0" failed="0" ignored="0" total="5" passed="5">
  <reporter-output>
  </reporter-output>
  <suite name="FREE CRM Application Test Automation Test Suite" duration-ms="92443" started-at="2018-10-04T14:35:03Z" finished-at="2018-10-04T14:36:36Z">
    <groups>
    </groups>
    <test name="FreeCRM HomePage TestCases" duration-ms="92443" started-at="2018-10-04T14:35:03Z" finished-at="2018-10-04T14:36:36Z">
      <class name="com.crm.qa.testcases.HomePageTest">
        <test-method status="PASS" signature="setUp()[pri:0, instance:com.crm.qa.testcases.HomePageTest@146ba0ac]" name="setUp" is-config="true" duration-ms="16276" started-at="2018-10-04T14:35:03Z" finished-at="2018-10-04T14:35:20Z">
          <reporter-output>
          </reporter-output>
        </test-method> <!-- setUp -->
        <test-method status="PASS" signature="verifyHomePageTitleTest()[pri:1, instance:com.crm.qa.testcases.HomePageTest@146ba0ac]" name="verifyHomePageTitleTest" duration-ms="14" started-at="2018-10-04T14:35:20Z" finished-at="2018-10-04T14:35:20Z">
          <reporter-output>
          </reporter-output>
        </test-method> <!-- verifyHomePageTitleTest -->
        <test-method status="PASS" signature="tearDown()[pri:0, instance:com.crm.qa.testcases.HomePageTest@146ba0ac]" name="tearDown" is-config="true" duration-ms="843" started-at="2018-10-04T14:35:21Z" finished-at="2018-10-04T14:35:22Z">
          <reporter-output>
          </reporter-output>
        </test-method> <!-- tearDown -->
        <test-method status="PASS" signature="setUp()[pri:0, instance:com.crm.qa.testcases.HomePageTest@146ba0ac]" name="setUp" is-config="true" duration-ms="14357" started-at="2018-10-04T14:35:22Z" finished-at="2018-10-04T14:35:37Z">
          <reporter-output>
          </reporter-output>
        </test-method> <!-- setUp -->
        <test-method status="PASS" signature="verifyHomePageLogoTest()[pri:3, instance:com.crm.qa.testcases.HomePageTest@146ba0ac]" name="verifyHomePageLogoTest" duration-ms="84" started-at="2018-10-04T14:35:37Z" finished-at="2018-10-04T14:35:37Z">
          <reporter-output>
          </reporter-output>
        </test-method> <!-- verifyHomePageLogoTest -->
        <test-method status="PASS" signature="tearDown()[pri:0, instance:com.crm.qa.testcases.HomePageTest@146ba0ac]" name="tearDown" is-config="true" duration-ms="925" started-at="2018-10-04T14:35:38Z" finished-at="2018-10-04T14:35:39Z">
          <reporter-output>
          </reporter-output>
        </test-method> <!-- tearDown -->
        <test-method status="PASS" signature="setUp()[pri:0, instance:com.crm.qa.testcases.HomePageTest@146ba0ac]" name="setUp" is-config="true" duration-ms="13624" started-at="2018-10-04T14:35:39Z" finished-at="2018-10-04T14:35:53Z">
          <reporter-output>
          </reporter-output>
        </test-method> <!-- setUp -->
        <test-method status="PASS" signature="verifyDealsLinkTest()[pri:4, instance:com.crm.qa.testcases.HomePageTest@146ba0ac]" name="verifyDealsLinkTest" duration-ms="1007" started-at="2018-10-04T14:35:53Z" finished-at="2018-10-04T14:35:54Z">
          <reporter-output>
          </reporter-output>
        </test-method> <!-- verifyDealsLinkTest -->
        <test-method status="PASS" signature="tearDown()[pri:0, instance:com.crm.qa.testcases.HomePageTest@146ba0ac]" name="tearDown" is-config="true" duration-ms="976" started-at="2018-10-04T14:35:56Z" finished-at="2018-10-04T14:35:57Z">
          <reporter-output>
          </reporter-output>
        </test-method> <!-- tearDown -->
        <test-method status="PASS" signature="setUp()[pri:0, instance:com.crm.qa.testcases.HomePageTest@146ba0ac]" name="setUp" is-config="true" duration-ms="15608" started-at="2018-10-04T14:35:57Z" finished-at="2018-10-04T14:36:12Z">
          <reporter-output>
          </reporter-output>
        </test-method> <!-- setUp -->
        <test-method status="PASS" signature="verifyContactsLinkTest()[pri:5, instance:com.crm.qa.testcases.HomePageTest@146ba0ac]" name="verifyContactsLinkTest" duration-ms="1134" started-at="2018-10-04T14:36:12Z" finished-at="2018-10-04T14:36:13Z">
          <reporter-output>
          </reporter-output>
        </test-method> <!-- verifyContactsLinkTest -->
        <test-method status="PASS" signature="tearDown()[pri:0, instance:com.crm.qa.testcases.HomePageTest@146ba0ac]" name="tearDown" is-config="true" duration-ms="913" started-at="2018-10-04T14:36:15Z" finished-at="2018-10-04T14:36:16Z">
          <reporter-output>
          </reporter-output>
        </test-method> <!-- tearDown -->
        <test-method status="PASS" signature="setUp()[pri:0, instance:com.crm.qa.testcases.HomePageTest@146ba0ac]" name="setUp" is-config="true" duration-ms="15174" started-at="2018-10-04T14:36:16Z" finished-at="2018-10-04T14:36:31Z">
          <reporter-output>
          </reporter-output>
        </test-method> <!-- setUp -->
        <test-method status="PASS" signature="verifyTasksLinkTest()[pri:6, instance:com.crm.qa.testcases.HomePageTest@146ba0ac]" name="verifyTasksLinkTest" duration-ms="2016" started-at="2018-10-04T14:36:31Z" finished-at="2018-10-04T14:36:33Z">
          <reporter-output>
          </reporter-output>
        </test-method> <!-- verifyTasksLinkTest -->
        <test-method status="PASS" signature="tearDown()[pri:0, instance:com.crm.qa.testcases.HomePageTest@146ba0ac]" name="tearDown" is-config="true" duration-ms="914" started-at="2018-10-04T14:36:35Z" finished-at="2018-10-04T14:36:36Z">
          <reporter-output>
          </reporter-output>
        </test-method> <!-- tearDown -->
      </class> <!-- com.crm.qa.testcases.HomePageTest -->
    </test> <!-- FreeCRM HomePage TestCases -->
  </suite> <!-- FREE CRM Application Test Automation Test Suite -->
</testng-results>
